X Lossless Decoder version 20230416 (156.0)

XLD extraction logfile from 2023-05-25 16:10:31 +0900

Various Artists / Splatoon3 ORIGINAL SOUNDTRACK -Splatune3-

Used drive : PIONEER BD-RW   BDR-XD05 (revision 3.10)
Media type : Pressed CD

Ripper mode             : XLD Secure Ripper
Disable audio cache     : OK for the drive with a cache less than 1375KiB
Make use of C2 pointers : NO
Read offset correction  : 667
Max retry count         : 20
Gap status              : Analyzed, Appended (except HTOA)

TOC of the extracted CD
     Track |   Start  |  Length  | Start sector | End sector 
    ---------------------------------------------------------
        1  | 00:00:00 | 01:59:60 |         0    |     8984   
        2  | 01:59:60 | 00:37:68 |      8985    |    11827   
        3  | 02:37:53 | 03:24:03 |     11828    |    27130   
        4  | 06:01:56 | 00:12:45 |     27131    |    28075   
        5  | 06:14:26 | 01:24:44 |     28076    |    34419   
        6  | 07:38:70 | 00:17:72 |     34420    |    35766   
        7  | 07:56:67 | 00:35:21 |     35767    |    38412   
        8  | 08:32:13 | 02:55:63 |     38413    |    51600   
        9  | 11:28:01 | 02:25:12 |     51601    |    62487   
       10  | 13:53:13 | 03:24:33 |     62488    |    77820   
       11  | 17:17:46 | 04:13:44 |     77821    |    96839   
       12  | 21:31:15 | 00:24:33 |     96840    |    98672   
       13  | 21:55:48 | 00:57:18 |     98673    |   102965   
       14  | 22:52:66 | 00:51:07 |    102966    |   106797   
       15  | 23:43:73 | 04:44:71 |    106798    |   128168   
       16  | 28:28:69 | 07:10:74 |    128169    |   160492   
       17  | 35:39:68 | 00:32:10 |    160493    |   162902   
       18  | 36:12:03 | 05:30:73 |    162903    |   187725   
       19  | 41:43:01 | 01:38:10 |    187726    |   195085   
       20  | 43:21:11 | 03:48:13 |    195086    |   212198   
       21  | 47:09:24 | 00:35:67 |    212199    |   214890   
       22  | 47:45:16 | 03:21:04 |    214891    |   229969   
       23  | 51:06:20 | 00:06:19 |    229970    |   230438   
       24  | 51:12:39 | 02:35:56 |    230439    |   242119   
       25  | 53:48:20 | 00:26:61 |    242120    |   244130   
       26  | 54:15:06 | 03:03:39 |    244131    |   257894   
       27  | 57:18:45 | 02:57:70 |    257895    |   271239   
       28  | 60:16:40 | 02:43:19 |    271240    |   283483   
       29  | 62:59:59 | 01:07:06 |    283484    |   288514   
       30  | 64:06:65 | 00:42:02 |    288515    |   291666   
       31  | 64:48:67 | 00:53:28 |    291667    |   295669   
       32  | 65:42:20 | 02:08:61 |    295670    |   305330   
       33  | 67:51:06 | 03:17:55 |    305331    |   320160   
       34  | 71:08:61 | 00:11:47 |    320161    |   321032   
       35  | 71:20:33 | 00:46:19 |    321033    |   324501   
       36  | 72:06:52 | 02:07:67 |    324502    |   334093   
       37  | 74:14:44 | 00:45:32 |    334094    |   337500   
       38  | 75:00:01 | 00:17:23 |    337501    |   338798   
       39  | 75:17:24 | 00:11:12 |    338799    |   339635   
       40  | 75:28:36 | 00:09:22 |    339636    |   340332   
       41  | 75:37:58 | 00:10:50 |    340333    |   341132   
       42  | 75:48:33 | 00:09:16 |    341133    |   341823   
       43  | 75:57:49 | 00:09:42 |    341824    |   342540   
       44  | 76:07:16 | 00:14:34 |    342541    |   343624   
       45  | 76:21:50 | 00:13:68 |    343625    |   344667   
       46  | 76:35:43 | 00:23:28 |    344668    |   346420   
       47  | 76:58:71 | 00:22:28 |    346421    |   348098   
       48  | 77:21:24 | 00:05:55 |    348099    |   348528   
       49  | 77:27:04 | 00:05:65 |    348529    |   348968   
       50  | 77:32:69 | 00:05:69 |    348969    |   349412   
       51  | 77:38:63 | 00:06:18 |    349413    |   349880   
       52  | 77:45:06 | 00:05:06 |    349881    |   350261   

AccurateRip Summary (DiscID: 00b3fad8-18a339a5-25123e34)
    Track 01 : OK (v2, confidence 1/1)
    Track 02 : OK (v2, confidence 1/1)
    Track 03 : OK (v2, confidence 1/1)
    Track 04 : OK (v2, confidence 1/1)
    Track 05 : OK (v2, confidence 1/1)
    Track 06 : OK (v2, confidence 1/1)
    Track 07 : OK (v2, confidence 1/1)
    Track 08 : OK (v2, confidence 1/1)
    Track 09 : OK (v2, confidence 1/1)
    Track 10 : OK (v2, confidence 1/1)
    Track 11 : OK (v2, confidence 1/1)
    Track 12 : OK (v2, confidence 1/1)
    Track 13 : OK (v2, confidence 1/1)
    Track 14 : OK (v2, confidence 1/1)
    Track 15 : OK (v2, confidence 1/1)
    Track 16 : OK (v2, confidence 1/1)
    Track 17 : OK (v2, confidence 1/1)
    Track 18 : OK (v2, confidence 1/1)
    Track 19 : OK (v2, confidence 1/1)
    Track 20 : OK (v2, confidence 1/1)
    Track 21 : OK (v2, confidence 1/1)
    Track 22 : OK (v2, confidence 1/1)
    Track 23 : Not Found
    Track 24 : OK (v2, confidence 1/1)
    Track 25 : OK (v2, confidence 1/1)
    Track 26 : OK (v2, confidence 1/1)
    Track 27 : OK (v2, confidence 1/1)
    Track 28 : OK (v2, confidence 1/1)
    Track 29 : OK (v2, confidence 1/1)
    Track 30 : OK (v2, confidence 1/1)
    Track 31 : OK (v2, confidence 1/1)
    Track 32 : OK (v2, confidence 1/1)
    Track 33 : OK (v2, confidence 1/1)
    Track 34 : OK (v2, confidence 1/1)
    Track 35 : OK (v2, confidence 1/1)
    Track 36 : OK (v2, confidence 1/1)
    Track 37 : OK (v2, confidence 1/1)
    Track 38 : OK (v2, confidence 1/1)
    Track 39 : OK (v2, confidence 1/1)
    Track 40 : OK (v2, confidence 1/1)
    Track 41 : OK (v2, confidence 1/1)
    Track 42 : OK (v2, confidence 1/1)
    Track 43 : OK (v2, confidence 1/1)
    Track 44 : OK (v2, confidence 1/1)
    Track 45 : OK (v2, confidence 1/1)
    Track 46 : OK (v2, confidence 1/1)
    Track 47 : OK (v2, confidence 1/1)
    Track 48 : Not Found
    Track 49 : Not Found
    Track 50 : Not Found
    Track 51 : Not Found
    Track 52 : Not Found
        ->46 tracks accurately ripped, 6 tracks not found

All Tracks
    Statistics
        Read error                           : 0
        Jitter error (maybe fixed)           : 0
        Retry sector count                   : 0
        Damaged sector count                 : 0

Track 01
    Filename : /Users/user/Desktop/xld-out/01 すりみ連合 - すりみ連合のテーマ (NO_ISRC).m4a
    Pre-gap length : 00:02:00

    CRC32 hash               : D8E5747A
    CRC32 hash (skip zero)   : 0C0ED9CF
    AccurateRip v1 signature : 77F530C9
    AccurateRip v2 signature : 3823A92A
        ->Accurately ripped (v2, confidence 1/1)
    Statistics
        Read error                           : 0
        Jitter error (maybe fixed)           : 0
        Retry sector count                   : 0
        Damaged sector count                 : 0

Track 02
    Filename : /Users/user/Desktop/xld-out/02 須戸敏之 - オルタナ市民プログラム M-00：Init（テストノイズ） (NO_ISRC).m4a
    Pre-gap length : 00:01:29

    CRC32 hash               : 50C6B748
    CRC32 hash (skip zero)   : 15640760
    AccurateRip v1 signature : BC86A382
    AccurateRip v2 signature : 6A782B6C
        ->Accurately ripped (v2, confidence 1/1)
    Statistics
        Read error                           : 0
        Jitter error (maybe fixed)           : 0
        Retry sector count                   : 0
        Damaged sector count                 : 0

Track 03
    Filename : /Users/user/Desktop/xld-out/03 すりみ連合 - 驚天動地ゴンタクレー (NO_ISRC).m4a
    Pre-gap length : 00:01:37

    CRC32 hash               : 7B9C6189
    CRC32 hash (skip zero)   : 9F78A934
    AccurateRip v1 signature : 36AB10A0
    AccurateRip v2 signature : 1651FE72
        ->Accurately ripped (v2, confidence 1/1)
    Statistics
        Read error                           : 0
        Jitter error (maybe fixed)           : 0
        Retry sector count                   : 0
        Damaged sector count                 : 0

Track 04
    Filename : /Users/user/Desktop/xld-out/04 須戸敏之 - オタカラ ゲット (NO_ISRC).m4a
    Pre-gap length : 00:01:37

    CRC32 hash               : D0E79324
    CRC32 hash (skip zero)   : 51C865C5
    AccurateRip v1 signature : A1D579F4
    AccurateRip v2 signature : 1F2E89B5
        ->Accurately ripped (v2, confidence 1/1)
    Statistics
        Read error                           : 0
        Jitter error (maybe fixed)           : 0
        Retry sector count                   : 0
        Damaged sector count                 : 0

Track 05
    Filename : /Users/user/Desktop/xld-out/05 須戸敏之, 峰岸透 - 改心 (NO_ISRC).m4a
    Pre-gap length : 00:02:36

    CRC32 hash               : C74CF89A
    CRC32 hash (skip zero)   : 5CC76FBF
    AccurateRip v1 signature : 52E30269
    AccurateRip v2 signature : 5AC32588
        ->Accurately ripped (v2, confidence 1/1)
    Statistics
        Read error                           : 0
        Jitter error (maybe fixed)           : 0
        Retry sector count                   : 0
        Damaged sector count                 : 0

Track 06
    Filename : /Users/user/Desktop/xld-out/06 永松亮 - オタカラ合体 (NO_ISRC).m4a
    Pre-gap length : 00:01:36

    CRC32 hash               : 753B5F44
    CRC32 hash (skip zero)   : CC54ACD9
    AccurateRip v1 signature : ED2FE9D8
    AccurateRip v2 signature : DF712DAD
        ->Accurately ripped (v2, confidence 1/1)
    Statistics
        Read error                           : 0
        Jitter error (maybe fixed)           : 0
        Retry sector count                   : 0
        Damaged sector count                 : 0

Track 07
    Filename : /Users/user/Desktop/xld-out/07 土肥紗也子 - トゥルトゥル (NO_ISRC).m4a
    Pre-gap length : 00:01:37

    CRC32 hash               : CDD46BBD
    CRC32 hash (skip zero)   : 4A74210D
    AccurateRip v1 signature : 3D5E2E20
    AccurateRip v2 signature : 110EEF3E
        ->Accurately ripped (v2, confidence 1/1)
    Statistics
        Read error                           : 0
        Jitter error (maybe fixed)           : 0
        Retry sector count                   : 0
        Damaged sector count                 : 0

Track 08
    Filename : /Users/user/Desktop/xld-out/08 クマサン商会 - 商会ワクワクニュース (NO_ISRC).m4a
    Pre-gap length : 00:02:74

    CRC32 hash               : 6C410F00
    CRC32 hash (skip zero)   : 904E18AC
    AccurateRip v1 signature : B1BA5F78
    AccurateRip v2 signature : 02C538B6
        ->Accurately ripped (v2, confidence 1/1)
    Statistics
        Read error                           : 0
        Jitter error (maybe fixed)           : 0
        Retry sector count                   : 0
        Damaged sector count                 : 0

Track 09
    Filename : /Users/user/Desktop/xld-out/09 MOF8 - In Filtration (NO_ISRC).m4a
    Pre-gap length : 00:01:37

    CRC32 hash               : 02F002B2
    CRC32 hash (skip zero)   : 9353C51F
    AccurateRip v1 signature : 6DEE2843
    AccurateRip v2 signature : 196E9971
        ->Accurately ripped (v2, confidence 1/1)
    Statistics
        Read error                           : 0
        Jitter error (maybe fixed)           : 0
        Retry sector count                   : 0
        Damaged sector count                 : 0

Track 10
    Filename : /Users/user/Desktop/xld-out/10 すりみ連合 - 疾風怒涛カチコンドル (NO_ISRC).m4a
    Pre-gap length : 00:01:37

    CRC32 hash               : 0932C46D
    CRC32 hash (skip zero)   : 2B8F39DB
    AccurateRip v1 signature : 3BE74040
    AccurateRip v2 signature : 0D7D0213
        ->Accurately ripped (v2, confidence 1/1)
    Statistics
        Read error                           : 0
        Jitter error (maybe fixed)           : 0
        Retry sector count                   : 0
        Damaged sector count                 : 0

Track 11
    Filename : /Users/user/Desktop/xld-out/11 すりみ連合 - 天命反転ローリンストン (NO_ISRC).m4a
    Pre-gap length : 00:01:37

    CRC32 hash               : A7906E29
    CRC32 hash (skip zero)   : 53FA6080
    AccurateRip v1 signature : 8F3B2AC5
    AccurateRip v2 signature : F047716C
        ->Accurately ripped (v2, confidence 1/1)
    Statistics
        Read error                           : 0
        Jitter error (maybe fixed)           : 0
        Retry sector count                   : 0
        Damaged sector count                 : 0

Track 12
    Filename : /Users/user/Desktop/xld-out/12 クマサン商会 - クマサン登場 (NO_ISRC).m4a
    Pre-gap length : 00:02:37

    CRC32 hash               : F69B202D
    CRC32 hash (skip zero)   : C3320E33
    AccurateRip v1 signature : E2F3C0AF
    AccurateRip v2 signature : 70322DF4
        ->Accurately ripped (v2, confidence 1/1)
    Statistics
        Read error                           : 0
        Jitter error (maybe fixed)           : 0
        Retry sector count                   : 0
        Damaged sector count                 : 0

Track 13
    Filename : /Users/user/Desktop/xld-out/13 クマサン商会 - ロケット打ち上げ (NO_ISRC).m4a

    CRC32 hash               : 1DE44364
    CRC32 hash (skip zero)   : D75CB6B4
    AccurateRip v1 signature : CB900EAB
    AccurateRip v2 signature : AB207B36
        ->Accurately ripped (v2, confidence 1/1)
    Statistics
        Read error                           : 0
        Jitter error (maybe fixed)           : 0
        Retry sector count                   : 0
        Damaged sector count                 : 0

Track 14
    Filename : /Users/user/Desktop/xld-out/14 須戸敏之 - 行っけー3号！！ (NO_ISRC).m4a
    Pre-gap length : 00:02:36

    CRC32 hash               : 7C4C3508
    CRC32 hash (skip zero)   : 9D76DF6B
    AccurateRip v1 signature : A458312A
    AccurateRip v2 signature : 1D9F8299
        ->Accurately ripped (v2, confidence 1/1)
    Statistics
        Read error                           : 0
        Jitter error (maybe fixed)           : 0
        Retry sector count                   : 0
        Damaged sector count                 : 0

Track 15
    Filename : /Users/user/Desktop/xld-out/15 クマサン商会 - クマサンからのおねがい (NO_ISRC).m4a
    Pre-gap length : 00:01:36

    CRC32 hash               : 5D455E1D
    CRC32 hash (skip zero)   : E693BEA5
    AccurateRip v1 signature : DCBDBD6B
    AccurateRip v2 signature : 1216430A
        ->Accurately ripped (v2, confidence 1/1)
    Statistics
        Read error                           : 0
        Jitter error (maybe fixed)           : 0
        Retry sector count                   : 0
        Damaged sector count                 : 0

Track 16
    Filename : /Users/user/Desktop/xld-out/16 すりみ連合 X シオカラーズ - シオカラ節 Three Mix (NO_ISRC).m4a
    Pre-gap length : 00:01:37

    CRC32 hash               : 13ECEDAD
    CRC32 hash (skip zero)   : C126F322
    AccurateRip v1 signature : DAE651A7
    AccurateRip v2 signature : 10B17BF9
        ->Accurately ripped (v2, confidence 1/1)
    Statistics
        Read error                           : 0
        Jitter error (maybe fixed)           : 0
        Retry sector count                   : 0
        Damaged sector count                 : 0

Track 17
    Filename : /Users/user/Desktop/xld-out/17 永松亮 - 巨大な毛玉 (NO_ISRC).m4a
    Pre-gap length : 00:02:36

    CRC32 hash               : FB7284D8
    CRC32 hash (skip zero)   : BD87B8D0
    AccurateRip v1 signature : 23AFD037
    AccurateRip v2 signature : 53A44917
        ->Accurately ripped (v2, confidence 1/1)
    Statistics
        Read error                           : 0
        Jitter error (maybe fixed)           : 0
        Retry sector count                   : 0
        Damaged sector count                 : 0

Track 18
    Filename : /Users/user/Desktop/xld-out/18 シオカラーズ - シオカゼの星 (NO_ISRC).m4a
    Pre-gap length : 00:01:74

    CRC32 hash               : 0A853E01
    CRC32 hash (skip zero)   : 94BCC02A
    AccurateRip v1 signature : D5BC276B
    AccurateRip v2 signature : AC044106
        ->Accurately ripped (v2, confidence 1/1)
    Statistics
        Read error                           : 0
        Jitter error (maybe fixed)           : 0
        Retry sector count                   : 0
        Damaged sector count                 : 0

Track 19
    Filename : /Users/user/Desktop/xld-out/19 須戸敏之 - オルタナ市民プログラム M-??：mY dEAR (NO_ISRC).m4a
    Pre-gap length : 00:02:37

    CRC32 hash               : 62152002
    CRC32 hash (skip zero)   : 2A387D63
    AccurateRip v1 signature : 1C7DBF89
    AccurateRip v2 signature : 4D9D9C7F
        ->Accurately ripped (v2, confidence 1/1)
    Statistics
        Read error                           : 0
        Jitter error (maybe fixed)           : 0
        Retry sector count                   : 0
        Damaged sector count                 : 0

Track 20
    Filename : /Users/user/Desktop/xld-out/20 すりみ連合 - 蛮殻三毒楽（今様） (NO_ISRC).m4a
    Pre-gap length : 00:04:36

    CRC32 hash               : 69A89B12
    CRC32 hash (skip zero)   : 472BF076
    AccurateRip v1 signature : D93CD937
    AccurateRip v2 signature : 75997502
        ->Accurately ripped (v2, confidence 1/1)
    Statistics
        Read error                           : 0
        Jitter error (maybe fixed)           : 0
        Retry sector count                   : 0
        Damaged sector count                 : 0

Track 21
    Filename : /Users/user/Desktop/xld-out/21 すりみ連合 - バンカラジオ（フェス） (NO_ISRC).m4a
    Pre-gap length : 00:01:37

    CRC32 hash               : 03B19563
    CRC32 hash (skip zero)   : 5A04DDAD
    AccurateRip v1 signature : 58DE1F30
    AccurateRip v2 signature : A30ECC47
        ->Accurately ripped (v2, confidence 1/1)
    Statistics
        Read error                           : 0
        Jitter error (maybe fixed)           : 0
        Retry sector count                   : 0
        Damaged sector count                 : 0

Track 22
    Filename : /Users/user/Desktop/xld-out/22 すりみ連合 - 蛮殻ミックスモダン (NO_ISRC).m4a

    CRC32 hash               : D808B82E
    CRC32 hash (skip zero)   : 4DC8507D
    AccurateRip v1 signature : 34F117C6
    AccurateRip v2 signature : 31BB8692
        ->Accurately ripped (v2, confidence 1/1)
    Statistics
        Read error                           : 0
        Jitter error (maybe fixed)           : 0
        Retry sector count                   : 0
        Damaged sector count                 : 0

Track 23
    Filename : /Users/user/Desktop/xld-out/23 すりみ連合 - フェス お題発表 (NO_ISRC).m4a
    Pre-gap length : 00:01:37

    CRC32 hash               : 6E54C5C3
    CRC32 hash (skip zero)   : A47C9EF8
    AccurateRip v1 signature : 44B9E420
    AccurateRip v2 signature : A62306CD
        ->Track not present in AccurateRip database.
    Statistics
        Read error                           : 0
        Jitter error (maybe fixed)           : 0
        Retry sector count                   : 0
        Damaged sector count                 : 0

Track 24
    Filename : /Users/user/Desktop/xld-out/24 Anglerfish - Soak & Stomp (NO_ISRC).m4a

    CRC32 hash               : 440A76E4
    CRC32 hash (skip zero)   : FD173812
    AccurateRip v1 signature : AC623011
    AccurateRip v2 signature : 3478DA9F
        ->Accurately ripped (v2, confidence 1/1)
    Statistics
        Read error                           : 0
        Jitter error (maybe fixed)           : 0
        Retry sector count                   : 0
        Damaged sector count                 : 0

Track 25
    Filename : /Users/user/Desktop/xld-out/25 すりみ連合 - フェスマッチ オープニング (NO_ISRC).m4a
    Pre-gap length : 00:01:37

    CRC32 hash               : 98AC41A6
    CRC32 hash (skip zero)   : E9DB078E
    AccurateRip v1 signature : 7805513B
    AccurateRip v2 signature : 960B0302
        ->Accurately ripped (v2, confidence 1/1)
    Statistics
        Read error                           : 0
        Jitter error (maybe fixed)           : 0
        Retry sector count                   : 0
        Damaged sector count                 : 0

Track 26
    Filename : /Users/user/Desktop/xld-out/26 すりみ連合 - 衝天プチョフィンザ (NO_ISRC).m4a
    Pre-gap length : 00:01:36

    CRC32 hash               : AA3EFAB0
    CRC32 hash (skip zero)   : 0396C2EE
    AccurateRip v1 signature : 38DF0D36
    AccurateRip v2 signature : 08ED7D13
        ->Accurately ripped (v2, confidence 1/1)
    Statistics
        Read error                           : 0
        Jitter error (maybe fixed)           : 0
        Retry sector count                   : 0
        Damaged sector count                 : 0

Track 27
    Filename : /Users/user/Desktop/xld-out/27 すりみ連合 - 張拳ゴーアヘッド (NO_ISRC).m4a
    Pre-gap length : 00:01:37

    CRC32 hash               : 3C53884E
    CRC32 hash (skip zero)   : 509DC23D
    AccurateRip v1 signature : 5A6B4438
    AccurateRip v2 signature : 0289F40A
        ->Accurately ripped (v2, confidence 1/1)
    Statistics
        Read error                           : 0
        Jitter error (maybe fixed)           : 0
        Retry sector count                   : 0
        Damaged sector count                 : 0

Track 28
    Filename : /Users/user/Desktop/xld-out/28 シオカラーズ feat. Ian BGM - 春風とペトリコール (NO_ISRC).m4a
    Pre-gap length : 00:01:36

    CRC32 hash               : DDB99748
    CRC32 hash (skip zero)   : 15BBA17D
    AccurateRip v1 signature : AA343270
    AccurateRip v2 signature : 2503F5A7
        ->Accurately ripped (v2, confidence 1/1)
    Statistics
        Read error                           : 0
        Jitter error (maybe fixed)           : 0
        Retry sector count                   : 0
        Damaged sector count                 : 0

Track 29
    Filename : /Users/user/Desktop/xld-out/29 すりみ連合 - イマ・ヌラネバー！ (NO_ISRC).m4a
    Pre-gap length : 00:01:37

    CRC32 hash               : C7CC4371
    CRC32 hash (skip zero)   : 1DF712D2
    AccurateRip v1 signature : 648530E1
    AccurateRip v2 signature : 4DD221ED
        ->Accurately ripped (v2, confidence 1/1)
    Statistics
        Read error                           : 0
        Jitter error (maybe fixed)           : 0
        Retry sector count                   : 0
        Damaged sector count                 : 0

Track 30
    Filename : /Users/user/Desktop/xld-out/30 すりみ連合 - 上げ潮ノッテモーテル (NO_ISRC).m4a
    Pre-gap length : 00:01:37

    CRC32 hash               : 43FDEB24
    CRC32 hash (skip zero)   : 6D1A75D0
    AccurateRip v1 signature : 435749F9
    AccurateRip v2 signature : F83F883A
        ->Accurately ripped (v2, confidence 1/1)
    Statistics
        Read error                           : 0
        Jitter error (maybe fixed)           : 0
        Retry sector count                   : 0
        Damaged sector count                 : 0

Track 31
    Filename : /Users/user/Desktop/xld-out/31 すりみ連合 - 辛酸ナメマンタ (NO_ISRC).m4a
    Pre-gap length : 00:01:37

    CRC32 hash               : 6CA3FDD6
    CRC32 hash (skip zero)   : 738180B1
    AccurateRip v1 signature : 8C4A3684
    AccurateRip v2 signature : 6E708AB9
        ->Accurately ripped (v2, confidence 1/1)
    Statistics
        Read error                           : 0
        Jitter error (maybe fixed)           : 0
        Retry sector count                   : 0
        Damaged sector count                 : 0

Track 32
    Filename : /Users/user/Desktop/xld-out/32 シオカラーズ - ハイカラシンカ'23 (NO_ISRC).m4a
    Pre-gap length : 00:01:35

    CRC32 hash               : B6572E30
    CRC32 hash (skip zero)   : 0A488B1C
    AccurateRip v1 signature : EC9E1E0E
    AccurateRip v2 signature : 4A00B287
        ->Accurately ripped (v2, confidence 1/1)
    Statistics
        Read error                           : 0
        Jitter error (maybe fixed)           : 0
        Retry sector count                   : 0
        Damaged sector count                 : 0

Track 33
    Filename : /Users/user/Desktop/xld-out/33 シオカラーズ - BRANDNEW HOMETOWN ～それより明日の話を～ (NO_ISRC).m4a
    Pre-gap length : 00:01:37

    CRC32 hash               : 2424DC44
    CRC32 hash (skip zero)   : B35A5FAE
    AccurateRip v1 signature : 00149CBF
    AccurateRip v2 signature : C3AFD3B5
        ->Accurately ripped (v2, confidence 1/1)
    Statistics
        Read error                           : 0
        Jitter error (maybe fixed)           : 0
        Retry sector count                   : 0
        Damaged sector count                 : 0

Track 34
    Filename : /Users/user/Desktop/xld-out/34 すりみ連合 - フェス 最終結果発表 (NO_ISRC).m4a
    Pre-gap length : 00:01:36

    CRC32 hash               : 7656A2B8
    CRC32 hash (skip zero)   : 953DB439
    AccurateRip v1 signature : 4658D3CA
    AccurateRip v2 signature : 02251742
        ->Accurately ripped (v2, confidence 1/1)
    Statistics
        Read error                           : 0
        Jitter error (maybe fixed)           : 0
        Retry sector count                   : 0
        Damaged sector count                 : 0

Track 35
    Filename : /Users/user/Desktop/xld-out/35 峰岸透 - Splattack! （2021.2.18 PV） (NO_ISRC).m4a
    Pre-gap length : 00:03:36

    CRC32 hash               : B3D409A9
    CRC32 hash (skip zero)   : 5771DCDB
    AccurateRip v1 signature : D1C0AD83
    AccurateRip v2 signature : 674C65D3
        ->Accurately ripped (v2, confidence 1/1)
    Statistics
        Read error                           : 0
        Jitter error (maybe fixed)           : 0
        Retry sector count                   : 0
        Damaged sector count                 : 0

Track 36
    Filename : /Users/user/Desktop/xld-out/36 C‐Side - Clickbait （Demo Tape） (NO_ISRC).m4a
    Pre-gap length : 00:01:36

    CRC32 hash               : 7BBDCA94
    CRC32 hash (skip zero)   : 1FB11702
    AccurateRip v1 signature : 5BB840D8
    AccurateRip v2 signature : 540B96FC
        ->Accurately ripped (v2, confidence 1/1)
    Statistics
        Read error                           : 0
        Jitter error (maybe fixed)           : 0
        Retry sector count                   : 0
        Damaged sector count                 : 0

Track 37
    Filename : /Users/user/Desktop/xld-out/37 C‐Side - Paintscraper （Uotora Demo） (NO_ISRC).m4a
    Pre-gap length : 00:01:36

    CRC32 hash               : 9FD87937
    CRC32 hash (skip zero)   : A9DA0FF7
    AccurateRip v1 signature : A0406E18
    AccurateRip v2 signature : AFAB9700
        ->Accurately ripped (v2, confidence 1/1)
    Statistics
        Read error                           : 0
        Jitter error (maybe fixed)           : 0
        Retry sector count                   : 0
        Damaged sector count                 : 0

Track 38
    Filename : /Users/user/Desktop/xld-out/38 田村 集 - SE：スプラシューター (NO_ISRC).m4a
    Pre-gap length : 00:04:37

    CRC32 hash               : 3A77B7F9
    CRC32 hash (skip zero)   : 2FB48D89
    AccurateRip v1 signature : 2F3B2405
    AccurateRip v2 signature : 9B0570ED
        ->Accurately ripped (v2, confidence 1/1)
    Statistics
        Read error                           : 0
        Jitter error (maybe fixed)           : 0
        Retry sector count                   : 0
        Damaged sector count                 : 0

Track 39
    Filename : /Users/user/Desktop/xld-out/39 田村 集 - SE：トライストリンガー (NO_ISRC).m4a

    CRC32 hash               : BE0608E3
    CRC32 hash (skip zero)   : D6D8206D
    AccurateRip v1 signature : 0C4D122E
    AccurateRip v2 signature : C785947F
        ->Accurately ripped (v2, confidence 1/1)
    Statistics
        Read error                           : 0
        Jitter error (maybe fixed)           : 0
        Retry sector count                   : 0
        Damaged sector count                 : 0

Track 40
    Filename : /Users/user/Desktop/xld-out/40 奥村 恒太 - SE：ジムワイパー (NO_ISRC).m4a

    CRC32 hash               : 5D7CCFB0
    CRC32 hash (skip zero)   : 6C2DDFD1
    AccurateRip v1 signature : 6C2EF2FF
    AccurateRip v2 signature : 8EC7A96C
        ->Accurately ripped (v2, confidence 1/1)
    Statistics
        Read error                           : 0
        Jitter error (maybe fixed)           : 0
        Retry sector count                   : 0
        Damaged sector count                 : 0

Track 41
    Filename : /Users/user/Desktop/xld-out/41 山本高久 - SE：ウルトラショット (NO_ISRC).m4a

    CRC32 hash               : 1609CD0E
    CRC32 hash (skip zero)   : FE660302
    AccurateRip v1 signature : 0F097AF6
    AccurateRip v2 signature : 2B5C2E8C
        ->Accurately ripped (v2, confidence 1/1)
    Statistics
        Read error                           : 0
        Jitter error (maybe fixed)           : 0
        Retry sector count                   : 0
        Damaged sector count                 : 0

Track 42
    Filename : /Users/user/Desktop/xld-out/42 田村 集 - SE：メガホンレーザー5.1ch (NO_ISRC).m4a

    CRC32 hash               : 24D1F1A8
    CRC32 hash (skip zero)   : DF49D156
    AccurateRip v1 signature : EBE31411
    AccurateRip v2 signature : 1DA6BBE4
        ->Accurately ripped (v2, confidence 1/1)
    Statistics
        Read error                           : 0
        Jitter error (maybe fixed)           : 0
        Retry sector count                   : 0
        Damaged sector count                 : 0

Track 43
    Filename : /Users/user/Desktop/xld-out/43 西村智博 - SE：エナジースタンド (NO_ISRC).m4a

    CRC32 hash               : B4FF2B14
    CRC32 hash (skip zero)   : 2E5BD939
    AccurateRip v1 signature : 19C95765
    AccurateRip v2 signature : 4F53A0D1
        ->Accurately ripped (v2, confidence 1/1)
    Statistics
        Read error                           : 0
        Jitter error (maybe fixed)           : 0
        Retry sector count                   : 0
        Damaged sector count                 : 0

Track 44
    Filename : /Users/user/Desktop/xld-out/44 田村 集 - SE：カニタンク (NO_ISRC).m4a

    CRC32 hash               : 8CFA52D4
    CRC32 hash (skip zero)   : 67720269
    AccurateRip v1 signature : 4D329CCC
    AccurateRip v2 signature : E178CCDB
        ->Accurately ripped (v2, confidence 1/1)
    Statistics
        Read error                           : 0
        Jitter error (maybe fixed)           : 0
        Retry sector count                   : 0
        Damaged sector count                 : 0

Track 45
    Filename : /Users/user/Desktop/xld-out/45 安田拓朗 - SE：ホップソナー (NO_ISRC).m4a

    CRC32 hash               : C78B8A36
    CRC32 hash (skip zero)   : 7E8789DC
    AccurateRip v1 signature : 6794902C
    AccurateRip v2 signature : 393BA0EA
        ->Accurately ripped (v2, confidence 1/1)
    Statistics
        Read error                           : 0
        Jitter error (maybe fixed)           : 0
        Retry sector count                   : 0
        Damaged sector count                 : 0

Track 46
    Filename : /Users/user/Desktop/xld-out/46 田村 集 - SE：ガチアサリのゴール開放（その1） (NO_ISRC).m4a

    CRC32 hash               : 9B41F761
    CRC32 hash (skip zero)   : 9478B1E6
    AccurateRip v1 signature : 824176C2
    AccurateRip v2 signature : D3083338
        ->Accurately ripped (v2, confidence 1/1)
    Statistics
        Read error                           : 0
        Jitter error (maybe fixed)           : 0
        Retry sector count                   : 0
        Damaged sector count                 : 0

Track 47
    Filename : /Users/user/Desktop/xld-out/47 田村 集 - SE：ガチアサリのゴール開放（その2） (NO_ISRC).m4a

    CRC32 hash               : A104F4C3
    CRC32 hash (skip zero)   : 6B4D2286
    AccurateRip v1 signature : B0784A76
    AccurateRip v2 signature : 5D98DD76
        ->Accurately ripped (v2, confidence 1/1)
    Statistics
        Read error                           : 0
        Jitter error (maybe fixed)           : 0
        Retry sector count                   : 0
        Damaged sector count                 : 0

Track 48
    Filename : /Users/user/Desktop/xld-out/48 田村 集 - SE：声（すりみ連合）フェス時キメ台詞 (NO_ISRC).m4a

    CRC32 hash               : 9D198C1A
    CRC32 hash (skip zero)   : 390102C8
    AccurateRip v1 signature : B26A92A8
    AccurateRip v2 signature : D46ADA80
        ->Track not present in AccurateRip database.
    Statistics
        Read error                           : 0
        Jitter error (maybe fixed)           : 0
        Retry sector count                   : 0
        Damaged sector count                 : 0

Track 49
    Filename : /Users/user/Desktop/xld-out/49 辻勇旗 - SE：声（イカガール）ナイス (NO_ISRC).m4a

    CRC32 hash               : 277F9272
    CRC32 hash (skip zero)   : AAB3F458
    AccurateRip v1 signature : E6448710
    AccurateRip v2 signature : CB47DDE2
        ->Track not present in AccurateRip database.
    Statistics
        Read error                           : 0
        Jitter error (maybe fixed)           : 0
        Retry sector count                   : 0
        Damaged sector count                 : 0

Track 50
    Filename : /Users/user/Desktop/xld-out/50 辻勇旗 - SE：声（イカボーイ）ナイス (NO_ISRC).m4a

    CRC32 hash               : 756A4F3D
    CRC32 hash (skip zero)   : E75D548A
    AccurateRip v1 signature : 4776DC58
    AccurateRip v2 signature : 238B7FC2
        ->Track not present in AccurateRip database.
    Statistics
        Read error                           : 0
        Jitter error (maybe fixed)           : 0
        Retry sector count                   : 0
        Damaged sector count                 : 0

Track 51
    Filename : /Users/user/Desktop/xld-out/51 山本高久 - SE：声（タコガール）ナイス (NO_ISRC).m4a

    CRC32 hash               : 3F43E27C
    CRC32 hash (skip zero)   : DBA5B5CB
    AccurateRip v1 signature : C86C4961
    AccurateRip v2 signature : C4C70563
        ->Track not present in AccurateRip database.
    Statistics
        Read error                           : 0
        Jitter error (maybe fixed)           : 0
        Retry sector count                   : 0
        Damaged sector count                 : 0

Track 52
    Filename : /Users/user/Desktop/xld-out/52 山本高久 - SE：声（タコボーイ）ナイス (NO_ISRC).m4a

    CRC32 hash               : 69936D01
    CRC32 hash (skip zero)   : 3950EA0E
    AccurateRip v1 signature : F546A2B7
    AccurateRip v2 signature : E6A352C6
        ->Track not present in AccurateRip database.
    Statistics
        Read error                           : 0
        Jitter error (maybe fixed)           : 0
        Retry sector count                   : 0
        Damaged sector count                 : 0

No errors occurred

End of status report
