X Lossless Decoder version 20230627 (156.1)

XLD extraction logfile from 2023-07-05 20:31:05 +0900

虹ヶ咲学園スクールアイドル同好会 / ラブライブ！虹ヶ咲学園スクールアイドル同好会 NEXT SKY - Waku Waku! Monday Morning

Used drive : PIONEER BD-RW   BDR-XD05 (revision 3.10)
Media type : Pressed CD

Ripper mode             : XLD Secure Ripper
Disable audio cache     : OK for the drive with a cache less than 1375KiB
Make use of C2 pointers : NO
Read offset correction  : 667
Max retry count         : 20
Gap status              : Analyzed, Appended (except HTOA)

TOC of the extracted CD
     Track |   Start  |  Length  | Start sector | End sector 
    ---------------------------------------------------------
        1  | 00:00:00 | 03:09:08 |         0    |    14182   
        2  | 03:09:08 | 03:07:46 |     14183    |    28253   

AccurateRip Summary
    Disc not found in AccurateRip DB.

All Tracks
    Statistics
        Read error                           : 0
        Jitter error (maybe fixed)           : 0
        Retry sector count                   : 0
        Damaged sector count                 : 0

Track 01
    Filename : /Users/user/Desktop/xld-out/01 中須かすみ（CV.相良茉優）、桜坂しずく（CV.前田佳織里）、天王寺璃奈（CV.田中ちえ美）、三船栞子（CV.小泉萌香） - Waku Waku! Monday Morning (JPI102301071).m4a
    Pre-gap length : 00:02:00

    CRC32 hash               : 2310F850
    CRC32 hash (skip zero)   : 852D686F
    AccurateRip v1 signature : 0C437A43
    AccurateRip v2 signature : 4599D59A
        ->Track not present in AccurateRip database.
    Statistics
        Read error                           : 0
        Jitter error (maybe fixed)           : 0
        Retry sector count                   : 0
        Damaged sector count                 : 0

Track 02
    Filename : /Users/user/Desktop/xld-out/02 中須かすみ（CV.相良茉優）、桜坂しずく（CV.前田佳織里）、天王寺璃奈（CV.田中ちえ美）、三船栞子（CV.小泉萌香） - Waku Waku! Monday Morning (Off Vocal) (JPI102301072).m4a
    Pre-gap length : 00:01:36

    CRC32 hash               : 0961125C
    CRC32 hash (skip zero)   : F5CD60BB
    AccurateRip v1 signature : 228FDC2A
    AccurateRip v2 signature : 33643264
        ->Track not present in AccurateRip database.
    Statistics
        Read error                           : 0
        Jitter error (maybe fixed)           : 0
        Retry sector count                   : 0
        Damaged sector count                 : 0

No errors occurred

End of status report
